webdriver [130815 13:23:59.08] [  0.009s] [webdriver] Found preference for webdriver_assume_untrusted_issuer: false
webdriver [130815 13:23:59.08] [  0.011s] [webdriver] Found preference for webdriver_accept_untrusted_certs: true
webdriver [130815 13:23:59.08] [  0.012s] [webdriver] Accept untrusted certificates: true
webdriver [130815 13:23:59.27] [  0.232s] [webdriver] Using native events: false
webdriver [130815 13:23:59.27] [  0.235s] [webdriver] Loading: resource://fxdriver/evaluate.js
webdriver [130815 13:23:59.28] [  0.240s] [webdriver] Done reading: resource://fxdriver/evaluate.js
webdriver [130815 13:24:00.06] [  0.800s] [webdriver] Received command: newSession
webdriver [130815 13:24:00.15] [  0.030s] [webdriver] Setting preferences based on required capabilities
webdriver [130815 13:24:00.16] [  0.033s] [webdriver] Setting capability nativeEvents (webdriver_enable_native_events) to false
webdriver [130815 13:24:00.16] [  0.897s] [webdriver] Created a new session with id: aa1d7386-61f0-544f-8149-a32aa49625ef
webdriver [130815 13:24:00.32] [  1.061s] [webdriver] Received command: get
webdriver [130815 13:24:01.60] [  2.557s] [webdriver] request status is 0
webdriver [130815 13:24:01.66] [  2.401s] [webdriver] Received command: getTitle
webdriver [130815 13:24:01.79] [  2.531s] [webdriver] Received command: findElement
webdriver [130815 13:24:01.97] [  2.713s] [webdriver] Received command: sendKeysToElement
webdriver [130815 13:24:02.01] [  2.744s] [webdriver] Need to switch focus
webdriver [130815 13:24:02.03] [  2.764s] [webdriver] Unable to find native component: @openqa.org/nativekeyboard;1
webdriver [130815 13:24:02.03] [  2.765s] [webdriver] TypeError: Components.classes[a] is undefined
webdriver [130815 13:24:02.03] [  2.766s] [webdriver] Doing sendKeys in a non-native way...
webdriver [130815 13:24:02.18] [  2.919s] [webdriver] Received command: findElement
webdriver [130815 13:24:02.31] [  3.050s] [webdriver] Received command: clickElement
webdriver [130815 13:24:02.33] [  3.066s] [webdriver] Unable to find native component: @openqa.org/nativemouse;1
webdriver [130815 13:24:02.33] [  3.067s] [webdriver] TypeError: Components.classes[a] is undefined
webdriver [130815 13:24:02.33] [  3.069s] [webdriver] Falling back to synthesized click
webdriver [130815 13:24:02.33] [  2.978s] [webdriver] SyntheticMouse.move [object XrayWrapper [object HTMLButtonElement]] 37 14
webdriver [130815 13:24:02.34] [  2.980s] [webdriver] Calling mouse.move with: 37, 14, [object XrayWrapper [object HTMLButtonElement]]
webdriver [130815 13:24:02.37] [  3.017s] [webdriver] Calling fireMouseEvent mouseout 750, 64, [object XrayWrapper [object HTMLInputElement]]
webdriver [130815 13:24:02.38] [  3.021s] [webdriver] Called fireMouseEvent mouseout 750, 64, [object XrayWrapper [object HTMLInputElement]]
webdriver [130815 13:24:02.38] [  3.023s] [webdriver] Calling fireMouseEvent mouseover 750, 64, [object XrayWrapper [object HTMLButtonElement]]
webdriver [130815 13:24:02.38] [  3.024s] [webdriver] Called fireMouseEvent mouseover 750, 64, [object XrayWrapper [object HTMLButtonElement]]
webdriver [130815 13:24:02.38] [  3.026s] [webdriver] Calling fireMouseEvent mousemove 750, 64, [object XrayWrapper [object HTMLButtonElement]]
webdriver [130815 13:24:02.38] [  3.027s] [webdriver] Called fireMouseEvent mousemove 750, 64, [object XrayWrapper [object HTMLButtonElement]]
webdriver [130815 13:24:02.38] [  3.029s] [webdriver] SyntheticMouse.click [object XrayWrapper [object HTMLButtonElement]]
webdriver [130815 13:24:02.39] [  3.039s] [webdriver] About to do a bot.action.click on [object XrayWrapper [object HTMLButtonElement]]
webdriver [130815 13:24:02.52] [  3.263s] [webdriver] Not loading document anymore.
webdriver [130815 13:24:02.56] [  3.294s] [webdriver] Received command: findElement
webdriver [130815 13:24:04.56] [  5.298s] [webdriver] Received command: findElement
webdriver [130815 13:24:04.58] [  5.323s] [webdriver] Received command: isElementDisplayed
webdriver [130815 13:24:04.63] [  5.370s] [webdriver] Received command: findElement
webdriver [130815 13:24:04.66] [  5.394s] [webdriver] Received command: getElementText
webdriver [130815 13:24:05.01] [  5.744s] [webdriver] Received command: getPageSource
webdriver [130815 13:24:05.32] [  6.062s] [webdriver] Received command: quit
