Sep 18, 2013 12:23:43 AM org.openqa.grid.selenium.GridLauncher main
INFO: Launching a standalone server
Setting system property webdriver.firefox.logfile to c:\log\firefox.log
00:23:43.953 INFO - Java: Sun Microsystems Inc. 20.10-b01
00:23:43.953 INFO - OS: Windows 2003 5.2 x86
00:23:43.968 INFO - v2.32.0, with Core v2.32.0. Built from revision 6c40c18
00:23:44.109 INFO - RemoteWebDriver instances should connect to: http://127.0.0.1:4443/wd/hub
00:23:44.109 INFO - Version Jetty/5.1.x
00:23:44.125 INFO - Started HttpContext[/selenium-server/driver,/selenium-server/driver]
00:23:44.125 INFO - Started HttpContext[/selenium-server,/selenium-server]
00:23:44.125 INFO - Started HttpContext[/,/]
00:23:44.203 INFO - Started org.openqa.jetty.jetty.servlet.ServletHandler@ee22f7
00:23:44.203 INFO - Started HttpContext[/wd,/wd]
00:23:44.203 INFO - Started SocketListener on 0.0.0.0:4443
00:23:44.203 INFO - Started org.openqa.jetty.jetty.Server@74c3aa
00:23:45.453 INFO - Executing: [new session: {port=80, host=ondemand.saucelabs.com, browserName=firefox, local_application_port=3001, browser_url=http://saucelabs.com, access_key=ab7a6e17-16df-42d2-9ef6-c8d25..., webdriver.remote.quietExceptions=true, start_tunnel=true, capture_traffic=false, client_version=Ruby: ruby 1.9.3 (x86_64-linu...}] at URL: /session)
00:23:49.046 INFO - Done: /session
00:23:49.078 INFO - Executing: [execute script: window.moveTo(0,0);window.resizeTo(screen.width,screen.height);, []] at URL: /session/09e9fd93-305a-48b9-bd5c-cbac543961c5/execute)
00:23:49.093 INFO - Done: /session/09e9fd93-305a-48b9-bd5c-cbac543961c5/execute
00:23:49.109 INFO - Executing: [maximise window] at URL: /session/09e9fd93-305a-48b9-bd5c-cbac543961c5/window/current/maximize)
00:23:49.125 INFO - Done: /session/09e9fd93-305a-48b9-bd5c-cbac543961c5/window/current/maximize
00:23:49.140 INFO - Executing: [get window handles] at URL: /session/09e9fd93-305a-48b9-bd5c-cbac543961c5/window_handles)
00:23:49.171 INFO - Done: /session/09e9fd93-305a-48b9-bd5c-cbac543961c5/window_handles
00:23:49.390 INFO - Executing: org.openqa.selenium.remote.server.handler.GetSessionCapabilities@cef6f1 at URL: /session/09e9fd93-305a-48b9-bd5c-cbac543961c5)
00:23:49.390 INFO - Done: /session/09e9fd93-305a-48b9-bd5c-cbac543961c5
00:23:49.656 INFO - Executing: [get: http://google.com/] at URL: /session/09e9fd93-305a-48b9-bd5c-cbac543961c5/url)
00:23:56.718 INFO - Done: /session/09e9fd93-305a-48b9-bd5c-cbac543961c5/url
00:23:57.078 INFO - Executing: [get title] at URL: /session/09e9fd93-305a-48b9-bd5c-cbac543961c5/title)
00:23:57.078 INFO - Done: /session/09e9fd93-305a-48b9-bd5c-cbac543961c5/title
00:23:57.328 INFO - Executing: [find element: By.id: gbqfq] at URL: /session/09e9fd93-305a-48b9-bd5c-cbac543961c5/element)
00:23:57.390 INFO - Done: /session/09e9fd93-305a-48b9-bd5c-cbac543961c5/element
00:23:57.593 INFO - Executing: [send keys: 0 org.openqa.selenium.support.events.EventFiringWebDriver$EventFiringWebElement@32965f9e, [elemental selenium tips]] at URL: /session/09e9fd93-305a-48b9-bd5c-cbac543961c5/element/0/value)
00:23:58.265 INFO - Done: /session/09e9fd93-305a-48b9-bd5c-cbac543961c5/element/0/value
00:23:58.718 INFO - Executing: [find element: By.id: gbqfb] at URL: /session/09e9fd93-305a-48b9-bd5c-cbac543961c5/element)
00:23:58.718 INFO - Done: /session/09e9fd93-305a-48b9-bd5c-cbac543961c5/element
00:23:58.984 INFO - Executing: [click: 1 org.openqa.selenium.support.events.EventFiringWebDriver$EventFiringWebElement@faf24ff8] at URL: /session/09e9fd93-305a-48b9-bd5c-cbac543961c5/element/1/click)
00:23:59.203 INFO - Done: /session/09e9fd93-305a-48b9-bd5c-cbac543961c5/element/1/click
00:23:59.640 INFO - Executing: [find element: By.selector: #rso .g] at URL: /session/09e9fd93-305a-48b9-bd5c-cbac543961c5/element)
00:23:59.812 INFO - Done: /session/09e9fd93-305a-48b9-bd5c-cbac543961c5/element
00:23:59.937 INFO - Executing: [is displayed: 2 org.openqa.selenium.support.events.EventFiringWebDriver$EventFiringWebElement@4b470a2d] at URL: /session/09e9fd93-305a-48b9-bd5c-cbac543961c5/element/2/displayed)
00:23:59.984 INFO - Done: /session/09e9fd93-305a-48b9-bd5c-cbac543961c5/element/2/displayed
00:24:00.187 INFO - Executing: [find element: By.selector: #rso .g] at URL: /session/09e9fd93-305a-48b9-bd5c-cbac543961c5/element)
00:24:00.203 INFO - Done: /session/09e9fd93-305a-48b9-bd5c-cbac543961c5/element
00:24:00.328 INFO - Executing: [get text: 2 org.openqa.selenium.support.events.EventFiringWebDriver$EventFiringWebElement@4b470a2d] at URL: /session/09e9fd93-305a-48b9-bd5c-cbac543961c5/element/2/text)
00:24:00.562 INFO - Done: /session/09e9fd93-305a-48b9-bd5c-cbac543961c5/element/2/text
00:24:00.781 INFO - Executing: [get window handles] at URL: /session/09e9fd93-305a-48b9-bd5c-cbac543961c5/window_handles)
00:24:00.812 INFO - Done: /session/09e9fd93-305a-48b9-bd5c-cbac543961c5/window_handles
00:24:01.000 INFO - Executing: [switch to window: {3043f4bd-e53a-4e64-b59e-f81ef1766ecf}] at URL: /session/09e9fd93-305a-48b9-bd5c-cbac543961c5/window)
00:24:01.031 INFO - Done: /session/09e9fd93-305a-48b9-bd5c-cbac543961c5/window
00:24:01.156 INFO - Executing: [get page source] at URL: /session/09e9fd93-305a-48b9-bd5c-cbac543961c5/source)
00:24:01.265 INFO - Done: /session/09e9fd93-305a-48b9-bd5c-cbac543961c5/source
