webdriver [130815 13:24:32.03] [  0.008s] [webdriver] Found preference for webdriver_assume_untrusted_issuer: false
webdriver [130815 13:24:32.03] [  0.010s] [webdriver] Found preference for webdriver_accept_untrusted_certs: true
webdriver [130815 13:24:32.03] [  0.011s] [webdriver] Accept untrusted certificates: true
webdriver [130815 13:24:32.26] [  0.265s] [webdriver] Using native events: false
webdriver [130815 13:24:32.26] [  0.268s] [webdriver] Loading: resource://fxdriver/evaluate.js
webdriver [130815 13:24:32.26] [  0.273s] [webdriver] Done reading: resource://fxdriver/evaluate.js
webdriver [130815 13:24:33.13] [  0.883s] [webdriver] Received command: newSession
webdriver [130815 13:24:33.26] [  0.056s] [webdriver] Setting preferences based on required capabilities
webdriver [130815 13:24:33.26] [  0.058s] [webdriver] Setting capability nativeEvents (webdriver_enable_native_events) to false
webdriver [130815 13:24:33.26] [  1.015s] [webdriver] Created a new session with id: 68d4ad06-30e7-b946-b291-77a79dc77dce
webdriver [130815 13:24:33.50] [  1.249s] [webdriver] Received command: get
webdriver [130815 13:24:34.85] [  2.862s] [webdriver] request status is 0
webdriver [130815 13:24:35.67] [  3.419s] [webdriver] Received command: getTitle
webdriver [130815 13:24:35.67] [  3.422s] [webdriver] Ignoring pending about:document-onload-blocker request
webdriver [130815 13:24:35.80] [  3.551s] [webdriver] Received command: findElement
webdriver [130815 13:24:36.00] [  3.748s] [webdriver] Received command: sendKeysToElement
webdriver [130815 13:24:36.03] [  3.778s] [webdriver] Need to switch focus
webdriver [130815 13:24:36.05] [  3.801s] [webdriver] Unable to find native component: @openqa.org/nativekeyboard;1
webdriver [130815 13:24:36.05] [  3.802s] [webdriver] TypeError: Components.classes[a] is undefined
webdriver [130815 13:24:36.05] [  3.803s] [webdriver] Doing sendKeys in a non-native way...
webdriver [130815 13:24:36.21] [  3.964s] [webdriver] Received command: findElement
webdriver [130815 13:24:36.36] [  4.111s] [webdriver] Received command: clickElement
webdriver [130815 13:24:36.38] [  4.128s] [webdriver] Unable to find native component: @openqa.org/nativemouse;1
webdriver [130815 13:24:36.38] [  4.129s] [webdriver] TypeError: Components.classes[a] is undefined
webdriver [130815 13:24:36.38] [  4.130s] [webdriver] Falling back to synthesized click
webdriver [130815 13:24:36.38] [  3.992s] [webdriver] SyntheticMouse.move [object XrayWrapper [object HTMLButtonElement]] 37 14
webdriver [130815 13:24:36.38] [  3.994s] [webdriver] Calling mouse.move with: 37, 14, [object XrayWrapper [object HTMLButtonElement]]
webdriver [130815 13:24:36.42] [  4.031s] [webdriver] Calling fireMouseEvent mouseout 750, 64, [object XrayWrapper [object HTMLInputElement]]
webdriver [130815 13:24:36.42] [  4.035s] [webdriver] Called fireMouseEvent mouseout 750, 64, [object XrayWrapper [object HTMLInputElement]]
webdriver [130815 13:24:36.43] [  4.037s] [webdriver] Calling fireMouseEvent mouseover 750, 64, [object XrayWrapper [object HTMLButtonElement]]
webdriver [130815 13:24:36.43] [  4.038s] [webdriver] Called fireMouseEvent mouseover 750, 64, [object XrayWrapper [object HTMLButtonElement]]
webdriver [130815 13:24:36.43] [  4.040s] [webdriver] Calling fireMouseEvent mousemove 750, 64, [object XrayWrapper [object HTMLButtonElement]]
webdriver [130815 13:24:36.43] [  4.042s] [webdriver] Called fireMouseEvent mousemove 750, 64, [object XrayWrapper [object HTMLButtonElement]]
webdriver [130815 13:24:36.43] [  4.045s] [webdriver] SyntheticMouse.click [object XrayWrapper [object HTMLButtonElement]]
webdriver [130815 13:24:36.45] [  4.060s] [webdriver] About to do a bot.action.click on [object XrayWrapper [object HTMLButtonElement]]
webdriver [130815 13:24:36.59] [  4.346s] [webdriver] Not loading document anymore.
webdriver [130815 13:24:36.64] [  4.388s] [webdriver] Received command: findElement
webdriver [130815 13:24:38.58] [  6.328s] [webdriver] Received command: findElement
webdriver [130815 13:24:38.61] [  6.358s] [webdriver] Received command: isElementDisplayed
webdriver [130815 13:24:38.65] [  6.404s] [webdriver] Received command: findElement
webdriver [130815 13:24:38.68] [  6.433s] [webdriver] Received command: getElementText
webdriver [130815 13:24:39.04] [  6.793s] [webdriver] Received command: getPageSource
webdriver [130815 13:24:39.31] [  7.066s] [webdriver] Received command: quit
